[ 2017-12-12 17:08:48 ] 127.0.0.1 127.0.0.1 GET /public/index.php/admin/login/index.html
[ log ] zaima.cn/public/index.php/admin/login/index.html [运行时间：0.063777s][吞吐率：15.68req/s] [内存消耗：1,715.75kb] [文件加载：54]
[ info ] [ LANG ] D:\phpStudy\WWW\think\thinkphp\lang\zh-cn.php
[ info ] [ ROUTE ] array (
  'type' => 'module',
  'module' => 
  array (
    0 => 'admin',
    1 => 'login',
    2 => 'index',
  ),
)
[ info ] [ HEADER ] array (
  'cookie' => 'PHPSESSID=t19ffrbckfejiuac7vtj8r1uu2',
  'accept-language' => 'zh-CN,zh;q=0.9',
  'accept-encoding' => 'gzip, deflate',
  'accept' => 'text/html,application/xhtml+xml,application/xml;q=0.9,image/webp,image/apng,*/*;q=0.8',
  'upgrade-insecure-requests' => '1',
  'user-agent' => 'Mozilla/5.0 (Windows NT 10.0; WOW64) AppleWebKit/537.36 (KHTML, like Gecko) Chrome/63.0.3239.84 Safari/537.36',
  'cache-control' => 'max-age=0',
  'connection' => 'close',
  'host' => 'zaima.cn',
)
[ info ] [ PARAM ] array (
)
[ info ] [ RUN ] app\admin\controller\Login->index[ D:\phpStudy\WWW\think\application\admin\controller\Login.php ]
[ info ] [ SESSION ] INIT array (
  'id' => '',
  'var_session_id' => '',
  'prefix' => 'think',
  'auto_start' => true,
)
[ info ] [ VIEW ] D:\phpStudy\WWW\think\public/../application/admin\view\login\index.html [ array (
) ]
[ info ] [ LOG ] INIT File

---------------------------------------------------------------
[ 2017-12-12 17:09:09 ] 127.0.0.1 127.0.0.1 GET /public/index.php/admin/login/index.html
[ log ] zaima.cn/public/index.php/admin/login/index.html [运行时间：0.021112s][吞吐率：47.37req/s] [内存消耗：1,590.79kb] [文件加载：52]
[ info ] [ LANG ] D:\phpStudy\WWW\think\thinkphp\lang\zh-cn.php
[ info ] [ ROUTE ] array (
  'type' => 'module',
  'module' => 
  array (
    0 => 'admin',
    1 => 'login',
    2 => 'index',
  ),
)
[ info ] [ HEADER ] array (
  'cookie' => 'PHPSESSID=t19ffrbckfejiuac7vtj8r1uu2',
  'accept-language' => 'zh-CN,zh;q=0.9',
  'accept-encoding' => 'gzip, deflate',
  'accept' => 'text/html,application/xhtml+xml,application/xml;q=0.9,image/webp,image/apng,*/*;q=0.8',
  'upgrade-insecure-requests' => '1',
  'user-agent' => 'Mozilla/5.0 (Windows NT 10.0; WOW64) AppleWebKit/537.36 (KHTML, like Gecko) Chrome/63.0.3239.84 Safari/537.36',
  'cache-control' => 'max-age=0',
  'connection' => 'close',
  'host' => 'zaima.cn',
)
[ info ] [ PARAM ] array (
)
[ info ] [ RUN ] app\admin\controller\Login->index[ D:\phpStudy\WWW\think\application\admin\controller\Login.php ]
[ info ] [ SESSION ] INIT array (
  'id' => '',
  'var_session_id' => '',
  'prefix' => 'think',
  'auto_start' => true,
)
[ info ] [ VIEW ] D:\phpStudy\WWW\think\public/../application/admin\view\login\index.html [ array (
) ]
[ info ] [ LOG ] INIT File

---------------------------------------------------------------
[ 2017-12-12 17:09:12 ] 127.0.0.1 127.0.0.1 GET /public/index.php/admin/login/index.html
[ log ] zaima.cn/public/index.php/admin/login/index.html [运行时间：0.019534s][吞吐率：51.19req/s] [内存消耗：1,590.79kb] [文件加载：52]
[ info ] [ LANG ] D:\phpStudy\WWW\think\thinkphp\lang\zh-cn.php
[ info ] [ ROUTE ] array (
  'type' => 'module',
  'module' => 
  array (
    0 => 'admin',
    1 => 'login',
    2 => 'index',
  ),
)
[ info ] [ HEADER ] array (
  'cookie' => 'PHPSESSID=t19ffrbckfejiuac7vtj8r1uu2',
  'accept-language' => 'zh-CN,zh;q=0.9',
  'accept-encoding' => 'gzip, deflate',
  'accept' => 'text/html,application/xhtml+xml,application/xml;q=0.9,image/webp,image/apng,*/*;q=0.8',
  'upgrade-insecure-requests' => '1',
  'user-agent' => 'Mozilla/5.0 (Windows NT 10.0; WOW64) AppleWebKit/537.36 (KHTML, like Gecko) Chrome/63.0.3239.84 Safari/537.36',
  'cache-control' => 'max-age=0',
  'connection' => 'close',
  'host' => 'zaima.cn',
)
[ info ] [ PARAM ] array (
)
[ info ] [ RUN ] app\admin\controller\Login->index[ D:\phpStudy\WWW\think\application\admin\controller\Login.php ]
[ info ] [ SESSION ] INIT array (
  'id' => '',
  'var_session_id' => '',
  'prefix' => 'think',
  'auto_start' => true,
)
[ info ] [ VIEW ] D:\phpStudy\WWW\think\public/../application/admin\view\login\index.html [ array (
) ]
[ info ] [ LOG ] INIT File

---------------------------------------------------------------
[ 2017-12-12 17:09:15 ] 127.0.0.1 127.0.0.1 GET /public/index.php/admin/login/index.html
[ log ] zaima.cn/public/index.php/admin/login/index.html [运行时间：0.019313s][吞吐率：51.78req/s] [内存消耗：1,590.79kb] [文件加载：52]
[ info ] [ LANG ] D:\phpStudy\WWW\think\thinkphp\lang\zh-cn.php
[ info ] [ ROUTE ] array (
  'type' => 'module',
  'module' => 
  array (
    0 => 'admin',
    1 => 'login',
    2 => 'index',
  ),
)
[ info ] [ HEADER ] array (
  'cookie' => 'PHPSESSID=t19ffrbckfejiuac7vtj8r1uu2',
  'accept-language' => 'zh-CN,zh;q=0.9',
  'accept-encoding' => 'gzip, deflate',
  'accept' => 'text/html,application/xhtml+xml,application/xml;q=0.9,image/webp,image/apng,*/*;q=0.8',
  'upgrade-insecure-requests' => '1',
  'user-agent' => 'Mozilla/5.0 (Windows NT 10.0; WOW64) AppleWebKit/537.36 (KHTML, like Gecko) Chrome/63.0.3239.84 Safari/537.36',
  'cache-control' => 'max-age=0',
  'connection' => 'close',
  'host' => 'zaima.cn',
)
[ info ] [ PARAM ] array (
)
[ info ] [ RUN ] app\admin\controller\Login->index[ D:\phpStudy\WWW\think\application\admin\controller\Login.php ]
[ info ] [ SESSION ] INIT array (
  'id' => '',
  'var_session_id' => '',
  'prefix' => 'think',
  'auto_start' => true,
)
[ info ] [ VIEW ] D:\phpStudy\WWW\think\public/../application/admin\view\login\index.html [ array (
) ]
[ info ] [ LOG ] INIT File

---------------------------------------------------------------
[ 2017-12-12 17:12:39 ] 127.0.0.1 127.0.0.1 GET /public/index.php/admin/login/index.html
[ log ] zaima.cn/public/index.php/admin/login/index.html [运行时间：0.024990s][吞吐率：40.02req/s] [内存消耗：1,590.79kb] [文件加载：52]
[ info ] [ LANG ] D:\phpStudy\WWW\think\thinkphp\lang\zh-cn.php
[ info ] [ ROUTE ] array (
  'type' => 'module',
  'module' => 
  array (
    0 => 'admin',
    1 => 'login',
    2 => 'index',
  ),
)
[ info ] [ HEADER ] array (
  'cookie' => 'PHPSESSID=t19ffrbckfejiuac7vtj8r1uu2',
  'accept-language' => 'zh-CN,zh;q=0.9',
  'accept-encoding' => 'gzip, deflate',
  'accept' => 'text/html,application/xhtml+xml,application/xml;q=0.9,image/webp,image/apng,*/*;q=0.8',
  'upgrade-insecure-requests' => '1',
  'user-agent' => 'Mozilla/5.0 (Windows NT 10.0; WOW64) AppleWebKit/537.36 (KHTML, like Gecko) Chrome/63.0.3239.84 Safari/537.36',
  'cache-control' => 'max-age=0',
  'connection' => 'close',
  'host' => 'zaima.cn',
)
[ info ] [ PARAM ] array (
)
[ info ] [ RUN ] app\admin\controller\Login->index[ D:\phpStudy\WWW\think\application\admin\controller\Login.php ]
[ info ] [ SESSION ] INIT array (
  'id' => '',
  'var_session_id' => '',
  'prefix' => 'think',
  'auto_start' => true,
)
[ info ] [ VIEW ] D:\phpStudy\WWW\think\public/../application/admin\view\login\index.html [ array (
) ]
[ info ] [ LOG ] INIT File

---------------------------------------------------------------
[ 2017-12-12 17:12:51 ] 127.0.0.1 127.0.0.1 GET /public/index.php/admin/login/index.html
[ log ] zaima.cn/public/index.php/admin/login/index.html [运行时间：0.025182s][吞吐率：39.71req/s] [内存消耗：1,590.79kb] [文件加载：52]
[ info ] [ LANG ] D:\phpStudy\WWW\think\thinkphp\lang\zh-cn.php
[ info ] [ ROUTE ] array (
  'type' => 'module',
  'module' => 
  array (
    0 => 'admin',
    1 => 'login',
    2 => 'index',
  ),
)
[ info ] [ HEADER ] array (
  'cookie' => 'PHPSESSID=t19ffrbckfejiuac7vtj8r1uu2',
  'accept-language' => 'zh-CN,zh;q=0.9',
  'accept-encoding' => 'gzip, deflate',
  'accept' => 'text/html,application/xhtml+xml,application/xml;q=0.9,image/webp,image/apng,*/*;q=0.8',
  'upgrade-insecure-requests' => '1',
  'user-agent' => 'Mozilla/5.0 (Windows NT 10.0; WOW64) AppleWebKit/537.36 (KHTML, like Gecko) Chrome/63.0.3239.84 Safari/537.36',
  'cache-control' => 'max-age=0',
  'connection' => 'close',
  'host' => 'zaima.cn',
)
[ info ] [ PARAM ] array (
)
[ info ] [ RUN ] app\admin\controller\Login->index[ D:\phpStudy\WWW\think\application\admin\controller\Login.php ]
[ info ] [ SESSION ] INIT array (
  'id' => '',
  'var_session_id' => '',
  'prefix' => 'think',
  'auto_start' => true,
)
[ info ] [ VIEW ] D:\phpStudy\WWW\think\public/../application/admin\view\login\index.html [ array (
) ]
[ info ] [ LOG ] INIT File

---------------------------------------------------------------
[ 2017-12-12 17:13:24 ] 127.0.0.1 127.0.0.1 GET /public/index.php/admin/login/index.html
[ log ] zaima.cn/public/index.php/admin/login/index.html [运行时间：0.022071s][吞吐率：45.31req/s] [内存消耗：1,590.82kb] [文件加载：52]
[ info ] [ LANG ] D:\phpStudy\WWW\think\thinkphp\lang\zh-cn.php
[ info ] [ ROUTE ] array (
  'type' => 'module',
  'module' => 
  array (
    0 => 'admin',
    1 => 'login',
    2 => 'index',
  ),
)
[ info ] [ HEADER ] array (
  'cookie' => 'PHPSESSID=t19ffrbckfejiuac7vtj8r1uu2',
  'accept-language' => 'zh-CN,zh;q=0.9',
  'accept-encoding' => 'gzip, deflate',
  'accept' => 'text/html,application/xhtml+xml,application/xml;q=0.9,image/webp,image/apng,*/*;q=0.8',
  'upgrade-insecure-requests' => '1',
  'user-agent' => 'Mozilla/5.0 (Windows NT 10.0; WOW64) AppleWebKit/537.36 (KHTML, like Gecko) Chrome/63.0.3239.84 Safari/537.36',
  'cache-control' => 'max-age=0',
  'connection' => 'close',
  'host' => 'zaima.cn',
)
[ info ] [ PARAM ] array (
)
[ info ] [ RUN ] app\admin\controller\Login->index[ D:\phpStudy\WWW\think\application\admin\controller\Login.php ]
[ info ] [ SESSION ] INIT array (
  'id' => '',
  'var_session_id' => '',
  'prefix' => 'think',
  'auto_start' => true,
)
[ info ] [ VIEW ] D:\phpStudy\WWW\think\public/../application/admin\view\login\index.html [ array (
) ]
[ info ] [ LOG ] INIT File

---------------------------------------------------------------
[ 2017-12-12 17:13:27 ] 127.0.0.1 127.0.0.1 POST /public/index.php/admin/login/dologin.html
[ log ] zaima.cn/public/index.php/admin/login/dologin.html [运行时间：0.094641s][吞吐率：10.57req/s] [内存消耗：2,360.59kb] [文件加载：64]
[ info ] [ LANG ] D:\phpStudy\WWW\think\thinkphp\lang\zh-cn.php
[ info ] [ ROUTE ] array (
  'type' => 'module',
  'module' => 
  array (
    0 => 'admin',
    1 => 'login',
    2 => 'dologin',
  ),
)
[ info ] [ HEADER ] array (
  'cookie' => 'PHPSESSID=t19ffrbckfejiuac7vtj8r1uu2',
  'accept-language' => 'zh-CN,zh;q=0.9',
  'accept-encoding' => 'gzip, deflate',
  'referer' => 'http://zaima.cn/public/index.php/admin/login/index.html',
  'content-type' => 'application/x-www-form-urlencoded; charset=UTF-8',
  'user-agent' => 'Mozilla/5.0 (Windows NT 10.0; WOW64) AppleWebKit/537.36 (KHTML, like Gecko) Chrome/63.0.3239.84 Safari/537.36',
  'x-requested-with' => 'XMLHttpRequest',
  'origin' => 'http://zaima.cn',
  'accept' => 'application/json, text/javascript, */*; q=0.01',
  'content-length' => '58',
  'connection' => 'close',
  'host' => 'zaima.cn',
)
[ info ] [ PARAM ] array (
  'login_name' => '18310316264',
  'login_pass' => '123456',
  'online' => '1',
  'inajax' => '1',
)
[ info ] [ RUN ] app\admin\controller\Login->doLogin[ D:\phpStudy\WWW\think\application\admin\controller\Login.php ]
[ info ] [ DB ] INIT mysql
[ info ] [ LOG ] INIT File
[ sql ] [ DB ] CONNECT:[ UseTime:0.009896s ] mysql:dbname=zaima;host=127.0.0.1;charset=utf8
[ sql ] [ SQL ] SHOW COLUMNS FROM `users` [ RunTime:0.024444s ]
[ sql ] [ SQL ] SELECT * FROM `users` WHERE  `login_name` = '18310316264'  AND `is_admin` = 1 LIMIT 1 [ RunTime:0.000406s ]
[ sql ] [ SQL ] SHOW COLUMNS FROM `admin_log` [ RunTime:0.017233s ]
[ sql ] [ SQL ] INSERT INTO `admin_log` (`user_id` , `user_name` , `action_type` , `source_id` , `source_type` , `is_suc` , `remark` , `created_time` , `login_ip`) VALUES (4 , '平台马甲号' , '4' , 0 , 1 , 2 , '{\"login_name\":\"18310316264\",\"login_pass\":\"123456\"}' , 1513070007 , '127.0.0.1') [ RunTime:0.000278s ]
[ tpr_log ] array (
  'response' => 
  array (
    'code' => '0',
    'data' => 
    array (
    ),
    'message' => '用户名和密码不匹配',
  ),
  'data' => 
  array (
  ),
  'code' => '0',
  'return _type' => 'json',
  'identify' => 'b0b454bb71ef7e53b9420224eeb55f67',
)

---------------------------------------------------------------
[ 2017-12-12 17:13:36 ] 127.0.0.1 127.0.0.1 GET /public/index.php/admin/login/index.html
[ log ] zaima.cn/public/index.php/admin/login/index.html [运行时间：0.025942s][吞吐率：38.55req/s] [内存消耗：1,590.41kb] [文件加载：52]
[ info ] [ LANG ] D:\phpStudy\WWW\think\thinkphp\lang\zh-cn.php
[ info ] [ ROUTE ] array (
  'type' => 'module',
  'module' => 
  array (
    0 => 'admin',
    1 => 'login',
    2 => 'index',
  ),
)
[ info ] [ HEADER ] array (
  'cookie' => 'PHPSESSID=t19ffrbckfejiuac7vtj8r1uu2',
  'accept-language' => 'zh-CN,zh;q=0.9',
  'accept-encoding' => 'gzip, deflate',
  'accept' => 'text/html,application/xhtml+xml,application/xml;q=0.9,image/webp,image/apng,*/*;q=0.8',
  'upgrade-insecure-requests' => '1',
  'user-agent' => 'Mozilla/5.0 (Windows NT 10.0; WOW64) AppleWebKit/537.36 (KHTML, like Gecko) Chrome/63.0.3239.84 Safari/537.36',
  'connection' => 'close',
  'host' => 'zaima.cn',
)
[ info ] [ PARAM ] array (
)
[ info ] [ RUN ] app\admin\controller\Login->index[ D:\phpStudy\WWW\think\application\admin\controller\Login.php ]
[ info ] [ SESSION ] INIT array (
  'id' => '',
  'var_session_id' => '',
  'prefix' => 'think',
  'auto_start' => true,
)
[ info ] [ VIEW ] D:\phpStudy\WWW\think\public/../application/admin\view\login\index.html [ array (
) ]
[ info ] [ LOG ] INIT File

---------------------------------------------------------------
[ 2017-12-12 17:13:47 ] 127.0.0.1 127.0.0.1 POST /public/index.php/admin/login/dologin.html
[ log ] zaima.cn/public/index.php/admin/login/dologin.html [运行时间：0.053415s][吞吐率：18.72req/s] [内存消耗：2,360.59kb] [文件加载：64]
[ info ] [ LANG ] D:\phpStudy\WWW\think\thinkphp\lang\zh-cn.php
[ info ] [ ROUTE ] array (
  'type' => 'module',
  'module' => 
  array (
    0 => 'admin',
    1 => 'login',
    2 => 'dologin',
  ),
)
[ info ] [ HEADER ] array (
  'cookie' => 'PHPSESSID=t19ffrbckfejiuac7vtj8r1uu2',
  'accept-language' => 'zh-CN,zh;q=0.9',
  'accept-encoding' => 'gzip, deflate',
  'referer' => 'http://zaima.cn/public/index.php/admin/login/index.html',
  'content-type' => 'application/x-www-form-urlencoded; charset=UTF-8',
  'user-agent' => 'Mozilla/5.0 (Windows NT 10.0; WOW64) AppleWebKit/537.36 (KHTML, like Gecko) Chrome/63.0.3239.84 Safari/537.36',
  'x-requested-with' => 'XMLHttpRequest',
  'origin' => 'http://zaima.cn',
  'accept' => 'application/json, text/javascript, */*; q=0.01',
  'content-length' => '58',
  'connection' => 'close',
  'host' => 'zaima.cn',
)
[ info ] [ PARAM ] array (
  'login_name' => '18310316264',
  'login_pass' => '123456',
  'online' => '1',
  'inajax' => '1',
)
[ info ] [ RUN ] app\admin\controller\Login->doLogin[ D:\phpStudy\WWW\think\application\admin\controller\Login.php ]
[ info ] [ DB ] INIT mysql
[ info ] [ LOG ] INIT File
[ sql ] [ DB ] CONNECT:[ UseTime:0.001015s ] mysql:dbname=zaima;host=127.0.0.1;charset=utf8
[ sql ] [ SQL ] SHOW COLUMNS FROM `users` [ RunTime:0.014805s ]
[ sql ] [ SQL ] SELECT * FROM `users` WHERE  `login_name` = '18310316264'  AND `is_admin` = 1 LIMIT 1 [ RunTime:0.000354s ]
[ sql ] [ SQL ] SHOW COLUMNS FROM `admin_log` [ RunTime:0.008273s ]
[ sql ] [ SQL ] INSERT INTO `admin_log` (`user_id` , `user_name` , `action_type` , `source_id` , `source_type` , `is_suc` , `remark` , `created_time` , `login_ip`) VALUES (4 , '平台马甲号' , '4' , 0 , 1 , 2 , '{\"login_name\":\"18310316264\",\"login_pass\":\"123456\"}' , 1513070027 , '127.0.0.1') [ RunTime:0.000234s ]
[ tpr_log ] array (
  'response' => 
  array (
    'code' => '0',
    'data' => 
    array (
    ),
    'message' => '用户名和密码不匹配',
  ),
  'data' => 
  array (
  ),
  'code' => '0',
  'return _type' => 'json',
  'identify' => '3f3a24a67df44747f194b466be6a6f3e',
)

---------------------------------------------------------------
[ 2017-12-12 17:13:51 ] 127.0.0.1 127.0.0.1 POST /public/index.php/admin/login/dologin.html
[ log ] zaima.cn/public/index.php/admin/login/dologin.html [运行时间：0.053527s][吞吐率：18.68req/s] [内存消耗：2,360.59kb] [文件加载：64]
[ info ] [ LANG ] D:\phpStudy\WWW\think\thinkphp\lang\zh-cn.php
[ info ] [ ROUTE ] array (
  'type' => 'module',
  'module' => 
  array (
    0 => 'admin',
    1 => 'login',
    2 => 'dologin',
  ),
)
[ info ] [ HEADER ] array (
  'cookie' => 'PHPSESSID=t19ffrbckfejiuac7vtj8r1uu2',
  'accept-language' => 'zh-CN,zh;q=0.9',
  'accept-encoding' => 'gzip, deflate',
  'referer' => 'http://zaima.cn/public/index.php/admin/login/index.html',
  'content-type' => 'application/x-www-form-urlencoded; charset=UTF-8',
  'user-agent' => 'Mozilla/5.0 (Windows NT 10.0; WOW64) AppleWebKit/537.36 (KHTML, like Gecko) Chrome/63.0.3239.84 Safari/537.36',
  'x-requested-with' => 'XMLHttpRequest',
  'origin' => 'http://zaima.cn',
  'accept' => 'application/json, text/javascript, */*; q=0.01',
  'content-length' => '63',
  'connection' => 'close',
  'host' => 'zaima.cn',
)
[ info ] [ PARAM ] array (
  'login_name' => '18310316264',
  'login_pass' => '18310316264',
  'online' => '1',
  'inajax' => '1',
)
[ info ] [ RUN ] app\admin\controller\Login->doLogin[ D:\phpStudy\WWW\think\application\admin\controller\Login.php ]
[ info ] [ DB ] INIT mysql
[ info ] [ LOG ] INIT File
[ sql ] [ DB ] CONNECT:[ UseTime:0.001592s ] mysql:dbname=zaima;host=127.0.0.1;charset=utf8
[ sql ] [ SQL ] SHOW COLUMNS FROM `users` [ RunTime:0.014909s ]
[ sql ] [ SQL ] SELECT * FROM `users` WHERE  `login_name` = '18310316264'  AND `is_admin` = 1 LIMIT 1 [ RunTime:0.000363s ]
[ sql ] [ SQL ] SHOW COLUMNS FROM `admin_log` [ RunTime:0.008834s ]
[ sql ] [ SQL ] INSERT INTO `admin_log` (`user_id` , `user_name` , `action_type` , `source_id` , `source_type` , `is_suc` , `remark` , `created_time` , `login_ip`) VALUES (4 , '平台马甲号' , '4' , 0 , 1 , 2 , '{\"login_name\":\"18310316264\",\"login_pass\":\"18310316264\"}' , 1513070031 , '127.0.0.1') [ RunTime:0.000229s ]
[ tpr_log ] array (
  'response' => 
  array (
    'code' => '0',
    'data' => 
    array (
    ),
    'message' => '用户名和密码不匹配',
  ),
  'data' => 
  array (
  ),
  'code' => '0',
  'return _type' => 'json',
  'identify' => '580f8a96ef301869be08c6b9bdf1a44a',
)

---------------------------------------------------------------
[ 2017-12-12 17:14:39 ] 127.0.0.1 127.0.0.1 POST /public/index.php/admin/login/dologin.html
[ log ] zaima.cn/public/index.php/admin/login/dologin.html [运行时间：0.053414s][吞吐率：18.72req/s] [内存消耗：2,360.71kb] [文件加载：64]
[ info ] [ LANG ] D:\phpStudy\WWW\think\thinkphp\lang\zh-cn.php
[ info ] [ ROUTE ] array (
  'type' => 'module',
  'module' => 
  array (
    0 => 'admin',
    1 => 'login',
    2 => 'dologin',
  ),
)
[ info ] [ HEADER ] array (
  'cookie' => 'PHPSESSID=t19ffrbckfejiuac7vtj8r1uu2',
  'accept-language' => 'zh-CN,zh;q=0.9',
  'accept-encoding' => 'gzip, deflate',
  'referer' => 'http://zaima.cn/public/index.php/admin/login/index.html',
  'content-type' => 'application/x-www-form-urlencoded; charset=UTF-8',
  'user-agent' => 'Mozilla/5.0 (Windows NT 10.0; WOW64) AppleWebKit/537.36 (KHTML, like Gecko) Chrome/63.0.3239.84 Safari/537.36',
  'x-requested-with' => 'XMLHttpRequest',
  'origin' => 'http://zaima.cn',
  'accept' => 'application/json, text/javascript, */*; q=0.01',
  'content-length' => '63',
  'connection' => 'close',
  'host' => 'zaima.cn',
)
[ info ] [ PARAM ] array (
  'login_name' => '18310316264',
  'login_pass' => '18310316264',
  'online' => '1',
  'inajax' => '1',
)
[ info ] [ RUN ] app\admin\controller\Login->doLogin[ D:\phpStudy\WWW\think\application\admin\controller\Login.php ]
[ info ] [ DB ] INIT mysql
[ info ] [ LOG ] INIT File
[ sql ] [ DB ] CONNECT:[ UseTime:0.001106s ] mysql:dbname=zaima;host=127.0.0.1;charset=utf8
[ sql ] [ SQL ] SHOW COLUMNS FROM `users` [ RunTime:0.015140s ]
[ sql ] [ SQL ] SELECT * FROM `users` WHERE  `login_name` = '18310316264'  AND `is_admin` = 1 LIMIT 1 [ RunTime:0.000424s ]
[ sql ] [ SQL ] SHOW COLUMNS FROM `admin_log` [ RunTime:0.007879s ]
[ sql ] [ SQL ] INSERT INTO `admin_log` (`user_id` , `user_name` , `action_type` , `source_id` , `source_type` , `is_suc` , `remark` , `created_time` , `login_ip`) VALUES (4 , '平台马甲号' , '4' , 0 , 1 , 2 , '{\"login_name\":\"18310316264\",\"login_pass\":\"18310316264\"}' , 1513070079 , '127.0.0.1') [ RunTime:0.000240s ]
[ tpr_log ] array (
  'response' => 
  array (
    'code' => '0',
    'data' => 
    array (
    ),
    'message' => '用户名和密码不匹配',
  ),
  'data' => 
  array (
  ),
  'code' => '0',
  'return _type' => 'json',
  'identify' => '21bb467034d8b1976d9eceb5c5e920a9',
)

---------------------------------------------------------------
[ 2017-12-12 17:14:39 ] 127.0.0.1 127.0.0.1 POST /public/index.php/admin/login/dologin.html
[ log ] zaima.cn/public/index.php/admin/login/dologin.html [运行时间：0.044308s][吞吐率：22.57req/s] [内存消耗：2,360.71kb] [文件加载：64]
[ info ] [ LANG ] D:\phpStudy\WWW\think\thinkphp\lang\zh-cn.php
[ info ] [ ROUTE ] array (
  'type' => 'module',
  'module' => 
  array (
    0 => 'admin',
    1 => 'login',
    2 => 'dologin',
  ),
)
[ info ] [ HEADER ] array (
  'cookie' => 'PHPSESSID=t19ffrbckfejiuac7vtj8r1uu2',
  'accept-language' => 'zh-CN,zh;q=0.9',
  'accept-encoding' => 'gzip, deflate',
  'referer' => 'http://zaima.cn/public/index.php/admin/login/index.html',
  'content-type' => 'application/x-www-form-urlencoded; charset=UTF-8',
  'user-agent' => 'Mozilla/5.0 (Windows NT 10.0; WOW64) AppleWebKit/537.36 (KHTML, like Gecko) Chrome/63.0.3239.84 Safari/537.36',
  'x-requested-with' => 'XMLHttpRequest',
  'origin' => 'http://zaima.cn',
  'accept' => 'application/json, text/javascript, */*; q=0.01',
  'content-length' => '63',
  'connection' => 'close',
  'host' => 'zaima.cn',
)
[ info ] [ PARAM ] array (
  'login_name' => '18310316264',
  'login_pass' => '18310316264',
  'online' => '1',
  'inajax' => '1',
)
[ info ] [ RUN ] app\admin\controller\Login->doLogin[ D:\phpStudy\WWW\think\application\admin\controller\Login.php ]
[ info ] [ DB ] INIT mysql
[ info ] [ LOG ] INIT File
[ sql ] [ DB ] CONNECT:[ UseTime:0.001061s ] mysql:dbname=zaima;host=127.0.0.1;charset=utf8
[ sql ] [ SQL ] SHOW COLUMNS FROM `users` [ RunTime:0.007948s ]
[ sql ] [ SQL ] SELECT * FROM `users` WHERE  `login_name` = '18310316264'  AND `is_admin` = 1 LIMIT 1 [ RunTime:0.000365s ]
[ sql ] [ SQL ] SHOW COLUMNS FROM `admin_log` [ RunTime:0.005443s ]
[ sql ] [ SQL ] INSERT INTO `admin_log` (`user_id` , `user_name` , `action_type` , `source_id` , `source_type` , `is_suc` , `remark` , `created_time` , `login_ip`) VALUES (4 , '平台马甲号' , '4' , 0 , 1 , 2 , '{\"login_name\":\"18310316264\",\"login_pass\":\"18310316264\"}' , 1513070079 , '127.0.0.1') [ RunTime:0.000226s ]
[ tpr_log ] array (
  'response' => 
  array (
    'code' => '0',
    'data' => 
    array (
    ),
    'message' => '用户名和密码不匹配',
  ),
  'data' => 
  array (
  ),
  'code' => '0',
  'return _type' => 'json',
  'identify' => '06708e7a61226905da502090d325205a',
)

---------------------------------------------------------------
[ 2017-12-12 17:14:44 ] 127.0.0.1 127.0.0.1 POST /public/index.php/admin/login/dologin.html
[ log ] zaima.cn/public/index.php/admin/login/dologin.html [运行时间：0.061731s][吞吐率：16.20req/s] [内存消耗：2,360.71kb] [文件加载：64]
[ info ] [ LANG ] D:\phpStudy\WWW\think\thinkphp\lang\zh-cn.php
[ info ] [ ROUTE ] array (
  'type' => 'module',
  'module' => 
  array (
    0 => 'admin',
    1 => 'login',
    2 => 'dologin',
  ),
)
[ info ] [ HEADER ] array (
  'cookie' => 'PHPSESSID=t19ffrbckfejiuac7vtj8r1uu2',
  'accept-language' => 'zh-CN,zh;q=0.9',
  'accept-encoding' => 'gzip, deflate',
  'referer' => 'http://zaima.cn/public/index.php/admin/login/index.html',
  'content-type' => 'application/x-www-form-urlencoded; charset=UTF-8',
  'user-agent' => 'Mozilla/5.0 (Windows NT 10.0; WOW64) AppleWebKit/537.36 (KHTML, like Gecko) Chrome/63.0.3239.84 Safari/537.36',
  'x-requested-with' => 'XMLHttpRequest',
  'origin' => 'http://zaima.cn',
  'accept' => 'application/json, text/javascript, */*; q=0.01',
  'content-length' => '63',
  'connection' => 'close',
  'host' => 'zaima.cn',
)
[ info ] [ PARAM ] array (
  'login_name' => '18310316264',
  'login_pass' => '18310316264',
  'online' => '1',
  'inajax' => '1',
)
[ info ] [ RUN ] app\admin\controller\Login->doLogin[ D:\phpStudy\WWW\think\application\admin\controller\Login.php ]
[ info ] [ DB ] INIT mysql
[ info ] [ LOG ] INIT File
[ sql ] [ DB ] CONNECT:[ UseTime:0.001202s ] mysql:dbname=zaima;host=127.0.0.1;charset=utf8
[ sql ] [ SQL ] SHOW COLUMNS FROM `users` [ RunTime:0.015891s ]
[ sql ] [ SQL ] SELECT * FROM `users` WHERE  `login_name` = '18310316264'  AND `is_admin` = 1 LIMIT 1 [ RunTime:0.000436s ]
[ sql ] [ SQL ] SHOW COLUMNS FROM `admin_log` [ RunTime:0.010860s ]
[ sql ] [ SQL ] INSERT INTO `admin_log` (`user_id` , `user_name` , `action_type` , `source_id` , `source_type` , `is_suc` , `remark` , `created_time` , `login_ip`) VALUES (4 , '平台马甲号' , '4' , 0 , 1 , 2 , '{\"login_name\":\"18310316264\",\"login_pass\":\"18310316264\"}' , 1513070084 , '127.0.0.1') [ RunTime:0.000247s ]
[ tpr_log ] array (
  'response' => 
  array (
    'code' => '0',
    'data' => 
    array (
    ),
    'message' => '用户名和密码不匹配',
  ),
  'data' => 
  array (
  ),
  'code' => '0',
  'return _type' => 'json',
  'identify' => '1fa8ca80eba5cb065101804e18bdb131',
)

---------------------------------------------------------------
[ 2017-12-12 17:15:16 ] 127.0.0.1 127.0.0.1 POST /public/index.php/admin/login/dologin.html
[ log ] zaima.cn/public/index.php/admin/login/dologin.html [运行时间：0.030855s][吞吐率：32.41req/s] [内存消耗：1,500.85kb] [文件加载：48]
[ info ] [ LANG ] D:\phpStudy\WWW\think\thinkphp\lang\zh-cn.php
[ info ] [ ROUTE ] array (
  'type' => 'module',
  'module' => 
  array (
    0 => 'admin',
    1 => 'login',
    2 => 'dologin',
  ),
)
[ info ] [ HEADER ] array (
  'cookie' => 'PHPSESSID=t19ffrbckfejiuac7vtj8r1uu2',
  'accept-language' => 'zh-CN,zh;q=0.9',
  'accept-encoding' => 'gzip, deflate',
  'referer' => 'http://zaima.cn/public/index.php/admin/login/index.html',
  'content-type' => 'application/x-www-form-urlencoded; charset=UTF-8',
  'user-agent' => 'Mozilla/5.0 (Windows NT 10.0; WOW64) AppleWebKit/537.36 (KHTML, like Gecko) Chrome/63.0.3239.84 Safari/537.36',
  'x-requested-with' => 'XMLHttpRequest',
  'origin' => 'http://zaima.cn',
  'accept' => 'application/json, text/javascript, */*; q=0.01',
  'content-length' => '63',
  'connection' => 'close',
  'host' => 'zaima.cn',
)
[ info ] [ PARAM ] array (
  'login_name' => '18310316264',
  'login_pass' => '18310316264',
  'online' => '1',
  'inajax' => '1',
)
[ info ] [ RUN ] app\admin\controller\Login->doLogin[ D:\phpStudy\WWW\think\application\admin\controller\Login.php ]
[ info ] [ LOG ] INIT File

---------------------------------------------------------------
[ 2017-12-12 17:15:37 ] 127.0.0.1 127.0.0.1 POST /public/index.php/admin/login/dologin.html
[ log ] zaima.cn/public/index.php/admin/login/dologin.html [运行时间：0.035276s][吞吐率：28.35req/s] [内存消耗：1,500.85kb] [文件加载：48]
[ info ] [ LANG ] D:\phpStudy\WWW\think\thinkphp\lang\zh-cn.php
[ info ] [ ROUTE ] array (
  'type' => 'module',
  'module' => 
  array (
    0 => 'admin',
    1 => 'login',
    2 => 'dologin',
  ),
)
[ info ] [ HEADER ] array (
  'cookie' => 'PHPSESSID=t19ffrbckfejiuac7vtj8r1uu2',
  'accept-language' => 'zh-CN,zh;q=0.9',
  'accept-encoding' => 'gzip, deflate',
  'referer' => 'http://zaima.cn/public/index.php/admin/login/index.html',
  'content-type' => 'application/x-www-form-urlencoded; charset=UTF-8',
  'user-agent' => 'Mozilla/5.0 (Windows NT 10.0; WOW64) AppleWebKit/537.36 (KHTML, like Gecko) Chrome/63.0.3239.84 Safari/537.36',
  'x-requested-with' => 'XMLHttpRequest',
  'origin' => 'http://zaima.cn',
  'accept' => 'application/json, text/javascript, */*; q=0.01',
  'content-length' => '63',
  'connection' => 'close',
  'host' => 'zaima.cn',
)
[ info ] [ PARAM ] array (
  'login_name' => '18310316264',
  'login_pass' => '18310316264',
  'online' => '1',
  'inajax' => '1',
)
[ info ] [ RUN ] app\admin\controller\Login->doLogin[ D:\phpStudy\WWW\think\application\admin\controller\Login.php ]
[ info ] [ LOG ] INIT File

---------------------------------------------------------------
[ 2017-12-12 17:15:47 ] 127.0.0.1 127.0.0.1 POST /public/index.php/admin/login/dologin.html
[ log ] zaima.cn/public/index.php/admin/login/dologin.html [运行时间：0.026410s][吞吐率：37.86req/s] [内存消耗：1,500.85kb] [文件加载：48]
[ info ] [ LANG ] D:\phpStudy\WWW\think\thinkphp\lang\zh-cn.php
[ info ] [ ROUTE ] array (
  'type' => 'module',
  'module' => 
  array (
    0 => 'admin',
    1 => 'login',
    2 => 'dologin',
  ),
)
[ info ] [ HEADER ] array (
  'cookie' => 'PHPSESSID=t19ffrbckfejiuac7vtj8r1uu2',
  'accept-language' => 'zh-CN,zh;q=0.9',
  'accept-encoding' => 'gzip, deflate',
  'referer' => 'http://zaima.cn/public/index.php/admin/login/index.html',
  'content-type' => 'application/x-www-form-urlencoded; charset=UTF-8',
  'user-agent' => 'Mozilla/5.0 (Windows NT 10.0; WOW64) AppleWebKit/537.36 (KHTML, like Gecko) Chrome/63.0.3239.84 Safari/537.36',
  'x-requested-with' => 'XMLHttpRequest',
  'origin' => 'http://zaima.cn',
  'accept' => 'application/json, text/javascript, */*; q=0.01',
  'content-length' => '58',
  'connection' => 'close',
  'host' => 'zaima.cn',
)
[ info ] [ PARAM ] array (
  'login_name' => '18310316264',
  'login_pass' => '123456',
  'online' => '1',
  'inajax' => '1',
)
[ info ] [ RUN ] app\admin\controller\Login->doLogin[ D:\phpStudy\WWW\think\application\admin\controller\Login.php ]
[ info ] [ LOG ] INIT File

---------------------------------------------------------------
[ 2017-12-12 17:15:56 ] 127.0.0.1 127.0.0.1 POST /public/index.php/admin/login/dologin.html
[ log ] zaima.cn/public/index.php/admin/login/dologin.html [运行时间：0.062437s][吞吐率：16.02req/s] [内存消耗：2,360.59kb] [文件加载：64]
[ info ] [ LANG ] D:\phpStudy\WWW\think\thinkphp\lang\zh-cn.php
[ info ] [ ROUTE ] array (
  'type' => 'module',
  'module' => 
  array (
    0 => 'admin',
    1 => 'login',
    2 => 'dologin',
  ),
)
[ info ] [ HEADER ] array (
  'cookie' => 'PHPSESSID=t19ffrbckfejiuac7vtj8r1uu2',
  'accept-language' => 'zh-CN,zh;q=0.9',
  'accept-encoding' => 'gzip, deflate',
  'referer' => 'http://zaima.cn/public/index.php/admin/login/index.html',
  'content-type' => 'application/x-www-form-urlencoded; charset=UTF-8',
  'user-agent' => 'Mozilla/5.0 (Windows NT 10.0; WOW64) AppleWebKit/537.36 (KHTML, like Gecko) Chrome/63.0.3239.84 Safari/537.36',
  'x-requested-with' => 'XMLHttpRequest',
  'origin' => 'http://zaima.cn',
  'accept' => 'application/json, text/javascript, */*; q=0.01',
  'content-length' => '58',
  'connection' => 'close',
  'host' => 'zaima.cn',
)
[ info ] [ PARAM ] array (
  'login_name' => '18310316264',
  'login_pass' => '123456',
  'online' => '1',
  'inajax' => '1',
)
[ info ] [ RUN ] app\admin\controller\Login->doLogin[ D:\phpStudy\WWW\think\application\admin\controller\Login.php ]
[ info ] [ DB ] INIT mysql
[ info ] [ LOG ] INIT File
[ sql ] [ DB ] CONNECT:[ UseTime:0.001846s ] mysql:dbname=zaima;host=127.0.0.1;charset=utf8
[ sql ] [ SQL ] SHOW COLUMNS FROM `users` [ RunTime:0.013921s ]
[ sql ] [ SQL ] SELECT * FROM `users` WHERE  `login_name` = '18310316264'  AND `is_admin` = 1 LIMIT 1 [ RunTime:0.000359s ]
[ sql ] [ SQL ] SHOW COLUMNS FROM `admin_log` [ RunTime:0.008880s ]
[ sql ] [ SQL ] INSERT INTO `admin_log` (`user_id` , `user_name` , `action_type` , `source_id` , `source_type` , `is_suc` , `remark` , `created_time` , `login_ip`) VALUES (4 , '平台马甲号' , '4' , 0 , 1 , 2 , '{\"login_name\":\"18310316264\",\"login_pass\":\"123456\"}' , 1513070156 , '127.0.0.1') [ RunTime:0.000233s ]
[ tpr_log ] array (
  'response' => 
  array (
    'code' => '0',
    'data' => 
    array (
    ),
    'message' => '用户名和密码不匹配',
  ),
  'data' => 
  array (
  ),
  'code' => '0',
  'return _type' => 'json',
  'identify' => 'a2d6e8ae62541457b647b705e123c9b7',
)

---------------------------------------------------------------
[ 2017-12-12 17:16:00 ] 127.0.0.1 127.0.0.1 GET /public/index.php/admin/login/index.html
[ log ] zaima.cn/public/index.php/admin/login/index.html [运行时间：0.024597s][吞吐率：40.66req/s] [内存消耗：1,590.82kb] [文件加载：52]
[ info ] [ LANG ] D:\phpStudy\WWW\think\thinkphp\lang\zh-cn.php
[ info ] [ ROUTE ] array (
  'type' => 'module',
  'module' => 
  array (
    0 => 'admin',
    1 => 'login',
    2 => 'index',
  ),
)
[ info ] [ HEADER ] array (
  'cookie' => 'PHPSESSID=t19ffrbckfejiuac7vtj8r1uu2',
  'accept-language' => 'zh-CN,zh;q=0.9',
  'accept-encoding' => 'gzip, deflate',
  'accept' => 'text/html,application/xhtml+xml,application/xml;q=0.9,image/webp,image/apng,*/*;q=0.8',
  'upgrade-insecure-requests' => '1',
  'user-agent' => 'Mozilla/5.0 (Windows NT 10.0; WOW64) AppleWebKit/537.36 (KHTML, like Gecko) Chrome/63.0.3239.84 Safari/537.36',
  'cache-control' => 'max-age=0',
  'connection' => 'close',
  'host' => 'zaima.cn',
)
[ info ] [ PARAM ] array (
)
[ info ] [ RUN ] app\admin\controller\Login->index[ D:\phpStudy\WWW\think\application\admin\controller\Login.php ]
[ info ] [ SESSION ] INIT array (
  'id' => '',
  'var_session_id' => '',
  'prefix' => 'think',
  'auto_start' => true,
)
[ info ] [ VIEW ] D:\phpStudy\WWW\think\public/../application/admin\view\login\index.html [ array (
) ]
[ info ] [ LOG ] INIT File

---------------------------------------------------------------
[ 2017-12-12 17:16:55 ] 127.0.0.1 127.0.0.1 GET /public/index.php/admin/login/index.html
[ log ] zaima.cn/public/index.php/admin/login/index.html [运行时间：0.021787s][吞吐率：45.90req/s] [内存消耗：1,590.82kb] [文件加载：52]
[ info ] [ LANG ] D:\phpStudy\WWW\think\thinkphp\lang\zh-cn.php
[ info ] [ ROUTE ] array (
  'type' => 'module',
  'module' => 
  array (
    0 => 'admin',
    1 => 'login',
    2 => 'index',
  ),
)
[ info ] [ HEADER ] array (
  'cookie' => 'PHPSESSID=t19ffrbckfejiuac7vtj8r1uu2',
  'accept-language' => 'zh-CN,zh;q=0.9',
  'accept-encoding' => 'gzip, deflate',
  'accept' => 'text/html,application/xhtml+xml,application/xml;q=0.9,image/webp,image/apng,*/*;q=0.8',
  'upgrade-insecure-requests' => '1',
  'user-agent' => 'Mozilla/5.0 (Windows NT 10.0; WOW64) AppleWebKit/537.36 (KHTML, like Gecko) Chrome/63.0.3239.84 Safari/537.36',
  'cache-control' => 'max-age=0',
  'connection' => 'close',
  'host' => 'zaima.cn',
)
[ info ] [ PARAM ] array (
)
[ info ] [ RUN ] app\admin\controller\Login->index[ D:\phpStudy\WWW\think\application\admin\controller\Login.php ]
[ info ] [ SESSION ] INIT array (
  'id' => '',
  'var_session_id' => '',
  'prefix' => 'think',
  'auto_start' => true,
)
[ info ] [ VIEW ] D:\phpStudy\WWW\think\public/../application/admin\view\login\index.html [ array (
) ]
[ info ] [ LOG ] INIT File

---------------------------------------------------------------
[ 2017-12-12 17:16:57 ] 127.0.0.1 127.0.0.1 POST /public/index.php/admin/login/dologin.html
[ log ] zaima.cn/public/index.php/admin/login/dologin.html [运行时间：0.161857s][吞吐率：6.18req/s] [内存消耗：2,430.79kb] [文件加载：69]
[ info ] [ LANG ] D:\phpStudy\WWW\think\thinkphp\lang\zh-cn.php
[ info ] [ ROUTE ] array (
  'type' => 'module',
  'module' => 
  array (
    0 => 'admin',
    1 => 'login',
    2 => 'dologin',
  ),
)
[ info ] [ HEADER ] array (
  'cookie' => 'PHPSESSID=t19ffrbckfejiuac7vtj8r1uu2',
  'accept-language' => 'zh-CN,zh;q=0.9',
  'accept-encoding' => 'gzip, deflate',
  'referer' => 'http://zaima.cn/public/index.php/admin/login/index.html',
  'content-type' => 'application/x-www-form-urlencoded; charset=UTF-8',
  'user-agent' => 'Mozilla/5.0 (Windows NT 10.0; WOW64) AppleWebKit/537.36 (KHTML, like Gecko) Chrome/63.0.3239.84 Safari/537.36',
  'x-requested-with' => 'XMLHttpRequest',
  'origin' => 'http://zaima.cn',
  'accept' => 'application/json, text/javascript, */*; q=0.01',
  'content-length' => '58',
  'connection' => 'close',
  'host' => 'zaima.cn',
)
[ info ] [ PARAM ] array (
  'login_name' => '18310316264',
  'login_pass' => '123456',
  'online' => '1',
  'inajax' => '1',
)
[ info ] [ RUN ] app\admin\controller\Login->doLogin[ D:\phpStudy\WWW\think\application\admin\controller\Login.php ]
[ info ] [ DB ] INIT mysql
[ info ] [ CACHE ] INIT File
[ info ] [ LOG ] INIT File
[ sql ] [ DB ] CONNECT:[ UseTime:0.001536s ] mysql:dbname=zaima;host=127.0.0.1;charset=utf8
[ sql ] [ SQL ] SHOW COLUMNS FROM `users` [ RunTime:0.015147s ]
[ sql ] [ SQL ] SELECT * FROM `users` WHERE  `login_name` = '18310316264'  AND `is_admin` = 1 LIMIT 1 [ RunTime:0.000512s ]
[ sql ] [ SQL ] UPDATE `users`  SET `last_login_ip`='127.0.0.1',`last_login_time`=1513070216  WHERE  `uid` = 4 [ RunTime:0.001403s ]
[ sql ] [ SQL ] SELECT * FROM `users` WHERE  `uid` = 4 LIMIT 1 [ RunTime:0.000270s ]
[ sql ] [ SQL ] SHOW COLUMNS FROM `admin_log` [ RunTime:0.011501s ]
[ sql ] [ SQL ] INSERT INTO `admin_log` (`user_id` , `user_name` , `action_type` , `source_id` , `source_type` , `is_suc` , `remark` , `created_time` , `login_ip`) VALUES (4 , '平台马甲号' , '4' , 0 , 1 , 1 , '{\"login_name\":\"18310316264\",\"login_pass\":\"123456\"}' , 1513070217 , '127.0.0.1') [ RunTime:0.000234s ]

---------------------------------------------------------------
[ 2017-12-12 17:16:57 ] 127.0.0.1 127.0.0.1 GET /public/index.php/admin/admin/index.html
[ log ] zaima.cn/public/index.php/admin/admin/index.html [运行时间：0.347776s][吞吐率：2.88req/s] [内存消耗：2,791.85kb] [文件加载：77]
[ info ] [ LANG ] D:\phpStudy\WWW\think\thinkphp\lang\zh-cn.php
[ info ] [ ROUTE ] array (
  'type' => 'module',
  'module' => 
  array (
    0 => 'admin',
    1 => 'admin',
    2 => 'index',
  ),
)
[ info ] [ HEADER ] array (
  'cookie' => 'PHPSESSID=t19ffrbckfejiuac7vtj8r1uu2',
  'accept-language' => 'zh-CN,zh;q=0.9',
  'accept-encoding' => 'gzip, deflate',
  'referer' => 'http://zaima.cn/public/index.php/admin/login/index.html',
  'accept' => 'text/html,application/xhtml+xml,application/xml;q=0.9,image/webp,image/apng,*/*;q=0.8',
  'user-agent' => 'Mozilla/5.0 (Windows NT 10.0; WOW64) AppleWebKit/537.36 (KHTML, like Gecko) Chrome/63.0.3239.84 Safari/537.36',
  'upgrade-insecure-requests' => '1',
  'connection' => 'close',
  'host' => 'zaima.cn',
)
[ info ] [ PARAM ] array (
)
[ info ] [ CACHE ] INIT File
[ info ] [ DB ] INIT mysql
[ info ] [ RUN ] app\admin\controller\Admin->index[ D:\phpStudy\WWW\think\application\admin\controller\Admin.php ]
[ info ] [ VIEW ] D:\phpStudy\WWW\think\public/../application/admin\view\admin\index.html [ array (
  0 => 'menu',
  1 => 'uid',
  2 => 'nick_name',
  3 => 'user',
  4 => 'controller',
  5 => 'action',
) ]
[ info ] [ LOG ] INIT File
[ sql ] [ DB ] CONNECT:[ UseTime:0.001099s ] mysql:dbname=zaima;host=127.0.0.1;charset=utf8
[ sql ] [ SQL ] SHOW COLUMNS FROM `users` [ RunTime:0.012398s ]
[ sql ] [ SQL ] SELECT * FROM `users` WHERE  `login_name` = '18310316264'  AND `is_admin` = 1 LIMIT 1 [ RunTime:0.000316s ]
[ sql ] [ SQL ] SELECT `license` FROM `users` WHERE  `uid` = 4 LIMIT 1 [ RunTime:0.000249s ]
[ sql ] [ SQL ] SHOW COLUMNS FROM `admin_object` [ RunTime:0.021798s ]
[ sql ] [ SQL ] SELECT * FROM `admin_object` [ RunTime:0.000229s ]
[ sql ] [ SQL ] SHOW COLUMNS FROM `admin_license` [ RunTime:0.020318s ]
[ sql ] [ SQL ] SELECT * FROM `admin_license` [ RunTime:0.000261s ]
[ error ] [8]未定义数组索引: is_show[D:\phpStudy\WWW\think\runtime\temp\232456822024378e1f3bff07bdf42876.php:129]

---------------------------------------------------------------
[ 2017-12-12 17:17:17 ] 127.0.0.1 127.0.0.1 GET /public/index.php/admin/login/index.html
[ log ] zaima.cn/public/index.php/admin/login/index.html [运行时间：0.026012s][吞吐率：38.44req/s] [内存消耗：1,590.82kb] [文件加载：52]
[ info ] [ LANG ] D:\phpStudy\WWW\think\thinkphp\lang\zh-cn.php
[ info ] [ ROUTE ] array (
  'type' => 'module',
  'module' => 
  array (
    0 => 'admin',
    1 => 'login',
    2 => 'index',
  ),
)
[ info ] [ HEADER ] array (
  'cookie' => 'PHPSESSID=t19ffrbckfejiuac7vtj8r1uu2',
  'accept-language' => 'zh-CN,zh;q=0.9',
  'accept-encoding' => 'gzip, deflate',
  'accept' => 'text/html,application/xhtml+xml,application/xml;q=0.9,image/webp,image/apng,*/*;q=0.8',
  'upgrade-insecure-requests' => '1',
  'user-agent' => 'Mozilla/5.0 (Windows NT 10.0; WOW64) AppleWebKit/537.36 (KHTML, like Gecko) Chrome/63.0.3239.84 Safari/537.36',
  'cache-control' => 'max-age=0',
  'connection' => 'close',
  'host' => 'zaima.cn',
)
[ info ] [ PARAM ] array (
)
[ info ] [ RUN ] app\admin\controller\Login->index[ D:\phpStudy\WWW\think\application\admin\controller\Login.php ]
[ info ] [ SESSION ] INIT array (
  'id' => '',
  'var_session_id' => '',
  'prefix' => 'think',
  'auto_start' => true,
)
[ info ] [ VIEW ] D:\phpStudy\WWW\think\public/../application/admin\view\login\index.html [ array (
) ]
[ info ] [ LOG ] INIT File

---------------------------------------------------------------
